This is pdfTeX, Version 3.1415926-2.3-1.40.12 (MiKTeX 2.9) (preloaded format=pdflatex 2016.9.25)  25 SEP 2016 13:28
entering extended mode
**G:/latex/1/sec.tex
(G:/latex/1/sec.tex
LaTeX2e <2011/06/27>
Babel <v3.8m> and hyphenation patterns for loaded.
(D:\SoftWare\CTEX\MiKTeX\tex\latex\base\article.cls
Document Class: article 2007/10/19 v1.4h Standard LaTeX document class
(D:\SoftWare\CTEX\MiKTeX\tex\latex\base\size10.clo
File: size10.clo 2007/10/19 v1.4h Standard LaTeX file (size option)
)
\c@part=\count79
\c@section=\count80
\c@subsection=\count81
\c@subsubsection=\count82
\c@paragraph=\count83
\c@subparagraph=\count84
\c@figure=\count85
\c@table=\count86
\abovecaptionskip=\skip41
\belowcaptionskip=\skip42
\bibindent=\dimen102
)
(D:\SoftWare\CTEX\MiKTeX\tex\latex\cjk\CJK.sty
Package: CJK 2008/12/29 4.8.2

(D:\SoftWare\CTEX\MiKTeX\tex\latex\cjk\mule\MULEenc.sty
Package: MULEenc 2008/12/29 4.8.2
)
(D:\SoftWare\CTEX\MiKTeX\tex\latex\cjk\CJK.enc
File: CJK.enc 2008/12/29 4.8.2
)
LaTeX Info: Redefining \selectfont on input line 756.
\CJK@indent=\box26
)
(D:\SoftWare\CTEX\MiKTeX\tex\latex\geometry\geometry.sty
Package: geometry 2010/09/12 v5.6 Page Geometry

(D:\SoftWare\CTEX\MiKTeX\tex\latex\graphics\keyval.sty
Package: keyval 1999/03/16 v1.13 key=value parser (DPC)
\KV@toks@=\toks14
)
(D:\SoftWare\CTEX\MiKTeX\tex\generic\oberdiek\ifpdf.sty
Package: ifpdf 2011/01/30 v2.3 Provides the ifpdf switch (HO)
Package ifpdf Info: pdfTeX in PDF mode is detected.
)
(D:\SoftWare\CTEX\MiKTeX\tex\generic\oberdiek\ifvtex.sty
Package: ifvtex 2010/03/01 v1.5 Switches for detecting VTeX and its modes (HO)
Package ifvtex Info: VTeX not detected.
)
(D:\SoftWare\CTEX\MiKTeX\tex\generic\ifxetex\ifxetex.sty
Package: ifxetex 2010/09/12 v0.6 Provides ifxetex conditional
)
\Gm@cnth=\count87
\Gm@cntv=\count88
\c@Gm@tempcnt=\count89
\Gm@bindingoffset=\dimen103
\Gm@wd@mp=\dimen104
\Gm@odd@mp=\dimen105
\Gm@even@mp=\dimen106
\Gm@layoutwidth=\dimen107
\Gm@layoutheight=\dimen108
\Gm@layouthoffset=\dimen109
\Gm@layoutvoffset=\dimen110
\Gm@dimlist=\toks15

(D:\SoftWare\CTEX\MiKTeX\tex\latex\geometry\geometry.cfg)) (G:\latex\1\sec.aux)
LaTeX Font Info:    Checking defaults for OML/cmm/m/it on input line 5.
LaTeX Font Info:    ... okay on input line 5.
LaTeX Font Info:    Checking defaults for T1/cmr/m/n on input line 5.
LaTeX Font Info:    ... okay on input line 5.
LaTeX Font Info:    Checking defaults for OT1/cmr/m/n on input line 5.
LaTeX Font Info:    ... okay on input line 5.
LaTeX Font Info:    Checking defaults for OMS/cmsy/m/n on input line 5.
LaTeX Font Info:    ... okay on input line 5.
LaTeX Font Info:    Checking defaults for OMX/cmex/m/n on input line 5.
LaTeX Font Info:    ... okay on input line 5.
LaTeX Font Info:    Checking defaults for U/cmr/m/n on input line 5.
LaTeX Font Info:    ... okay on input line 5.
LaTeX Font Info:    Checking defaults for C00/song/m/n on input line 5.
LaTeX Font Info:    ... okay on input line 5.
LaTeX Font Info:    Checking defaults for C05/song/m/n on input line 5.
LaTeX Font Info:    ... okay on input line 5.
LaTeX Font Info:    Checking defaults for C09/song/m/n on input line 5.
LaTeX Font Info:    ... okay on input line 5.
LaTeX Font Info:    Checking defaults for C10/song/m/n on input line 5.
LaTeX Font Info:    ... okay on input line 5.
LaTeX Font Info:    Checking defaults for C20/song/m/n on input line 5.
LaTeX Font Info:    ... okay on input line 5.
LaTeX Font Info:    Checking defaults for C19/song/m/n on input line 5.
LaTeX Font Info:    ... okay on input line 5.
LaTeX Font Info:    Checking defaults for C40/song/m/n on input line 5.
LaTeX Font Info:    ... okay on input line 5.
LaTeX Font Info:    Checking defaults for C42/song/m/n on input line 5.
LaTeX Font Info:    ... okay on input line 5.
LaTeX Font Info:    Checking defaults for C43/song/m/n on input line 5.
LaTeX Font Info:    ... okay on input line 5.
LaTeX Font Info:    Checking defaults for C50/song/m/n on input line 5.
LaTeX Font Info:    ... okay on input line 5.
LaTeX Font Info:    Checking defaults for C52/song/m/n on input line 5.
LaTeX Font Info:    ... okay on input line 5.
LaTeX Font Info:    Checking defaults for C49/song/m/n on input line 5.
LaTeX Font Info:    ... okay on input line 5.
LaTeX Font Info:    Checking defaults for C60/mj/m/n on input line 5.
LaTeX Font Info:    ... okay on input line 5.
LaTeX Font Info:    Checking defaults for C61/mj/m/n on input line 5.
LaTeX Font Info:    ... okay on input line 5.
LaTeX Font Info:    Checking defaults for C63/mj/m/n on input line 5.
LaTeX Font Info:    ... okay on input line 5.
LaTeX Font Info:    Checking defaults for C64/mj/m/n on input line 5.
LaTeX Font Info:    ... okay on input line 5.
LaTeX Font Info:    Checking defaults for C65/mj/m/n on input line 5.
LaTeX Font Info:    ... okay on input line 5.
LaTeX Font Info:    Checking defaults for C70/song/m/n on input line 5.
LaTeX Font Info:    ... okay on input line 5.
LaTeX Font Info:    Checking defaults for C31/song/m/n on input line 5.
LaTeX Font Info:    ... okay on input line 5.
LaTeX Font Info:    Checking defaults for C32/song/m/n on input line 5.
LaTeX Font Info:    ... okay on input line 5.
LaTeX Font Info:    Checking defaults for C33/song/m/n on input line 5.
LaTeX Font Info:    ... okay on input line 5.
LaTeX Font Info:    Checking defaults for C34/song/m/n on input line 5.
LaTeX Font Info:    ... okay on input line 5.
LaTeX Font Info:    Checking defaults for C35/song/m/n on input line 5.
LaTeX Font Info:    ... okay on input line 5.
LaTeX Font Info:    Checking defaults for C36/song/m/n on input line 5.
LaTeX Font Info:    ... okay on input line 5.
LaTeX Font Info:    Checking defaults for C37/song/m/n on input line 5.
LaTeX Font Info:    ... okay on input line 5.
LaTeX Font Info:    Checking defaults for C80/song/m/n on input line 5.
LaTeX Font Info:    ... okay on input line 5.
LaTeX Font Info:    Checking defaults for C81/song/m/n on input line 5.
LaTeX Font Info:    ... okay on input line 5.
LaTeX Font Info:    Checking defaults for C01/song/m/n on input line 5.
LaTeX Font Info:    ... okay on input line 5.
LaTeX Font Info:    Checking defaults for C11/song/m/n on input line 5.
LaTeX Font Info:    ... okay on input line 5.
LaTeX Font Info:    Checking defaults for C21/song/m/n on input line 5.
LaTeX Font Info:    ... okay on input line 5.
LaTeX Font Info:    Checking defaults for C41/song/m/n on input line 5.
LaTeX Font Info:    ... okay on input line 5.
LaTeX Font Info:    Checking defaults for C62/song/m/n on input line 5.
LaTeX Font Info:    ... okay on input line 5.
*geometry* driver: auto-detecting
*geometry* detected driver: pdftex
*geometry* verbose mode - [ preamble ] result:
* driver: pdftex
* paper: <default>
* layout: <same size as paper>
* layoutoffset:(h,v)=(0.0pt,0.0pt)
* modes: 
* h-part:(L,W,R)=(56.9055pt, 500.484pt, 56.9055pt)
* v-part:(T,H,B)=(56.9055pt, 681.15898pt, 56.9055pt)
* \paperwidth=614.295pt
* \paperheight=794.96999pt
* \textwidth=500.484pt
* \textheight=681.15898pt
* \oddsidemargin=-15.36449pt
* \evensidemargin=-15.36449pt
* \topmargin=-52.36449pt
* \headheight=12.0pt
* \headsep=25.0pt
* \topskip=10.0pt
* \footskip=30.0pt
* \marginparwidth=65.0pt
* \marginparsep=11.0pt
* \columnsep=10.0pt
* \skip\footins=9.0pt plus 4.0pt minus 2.0pt
* \hoffset=0.0pt
* \voffset=0.0pt
* \mag=1000
* \@twocolumnfalse
* \@twosidefalse
* \@mparswitchfalse
* \@reversemarginfalse
* (1in=72.27pt=25.4mm, 1cm=28.453pt)

(D:\SoftWare\CTEX\MiKTeX\tex\latex\cjk\standard.bdg
File: standard.bdg 2008/12/29 4.8.2
)
(D:\SoftWare\CTEX\MiKTeX\tex\latex\cjk\extended.enc
File: extended.enc 2008/12/29 4.8.2
)
(D:\SoftWare\CTEX\MiKTeX\tex\latex\cjk\extended.chr
File: extended.chr 2008/12/29 4.8.2
) [1

{D:/SoftWare/CTEX/UserData/pdftex/config/pdftex.map{Unicode.sfd}{UGBK.sfd}}]
LaTeX Font Info:    External font `cmex10' loaded for size
(Font)              <7> on input line 14.
LaTeX Font Info:    External font `cmex10' loaded for size
(Font)              <5> on input line 14.
LaTeX Font Info:    Try loading font information for C19+song on input line 14.


(D:\SoftWare\CTEX\CTeX\tex\latex\CJK\GB\c19song.fd
File: c19song.fd 2009/09/23 4.8.2
)
Overfull \hbox (19.516pt too wide) in paragraph at lines 14--15
 $[]$ 
 []


Overfull \hbox (406.71555pt too wide) in paragraph at lines 38--39
$[]$ 
 []

[2] (G:\latex\1\sec.aux) ) 
Here is how much of TeX's memory you used:
 2096 strings out of 495354
 26371 string characters out of 3183355
 85209 words of memory out of 3000000
 5253 multiletter control sequences out of 15000+200000
 19402 words of font info for 66 fonts, out of 3000000 for 9000
 14 hyphenation exceptions out of 8191
 23i,4n,23p,744b,360s stack positions out of 5000i,500n,10000p,200000b,50000s
<D:/SoftWare/CTEX/CTeX/fonts/truetype/chinese/simsun.
ttf><D:/SoftWare/CTEX/CTeX/fonts/truetype/chinese/simsun.ttf><D:/SoftWare/CTEX/
CTeX/fonts/truetype/chinese/simsun.ttf><D:/SoftWare/CTEX/CTeX/fonts/truetype/ch
inese/simsun.ttf><D:/SoftWare/CTEX/CTeX/fonts/truetype/chinese/simsun.ttf><D:/S
oftWare/CTEX/CTeX/fonts/truetype/chinese/simsun.ttf><D:/SoftWare/CTEX/CTeX/font
s/truetype/chinese/simsun.ttf><D:/SoftWare/CTEX/CTeX/fonts/truetype/chinese/sim
sun.ttf><D:/SoftWare/CTEX/CTeX/fonts/truetype/chinese/simsun.ttf><D:/SoftWare/C
TEX/CTeX/fonts/truetype/chinese/simsun.ttf><D:/SoftWare/CTEX/CTeX/fonts/truetyp
e/chinese/simsun.ttf><D:/SoftWare/CTEX/CTeX/fonts/truetype/chinese/simsun.ttf><
D:/SoftWare/CTEX/CTeX/fonts/truetype/chinese/simsun.ttf><D:/SoftWare/CTEX/CTeX/
fonts/truetype/chinese/simsun.ttf><D:/SoftWare/CTEX/CTeX/fonts/truetype/chinese
/simsun.ttf><D:/SoftWare/CTEX/CTeX/fonts/truetype/chinese/simsun.ttf><D:/SoftWa
re/CTEX/CTeX/fonts/truetype/chinese/simsun.ttf><D:/SoftWare/CTEX/CTeX/fonts/tru
etype/chinese/simsun.ttf><D:/SoftWare/CTEX/CTeX/fonts/truetype/chinese/simsun.t
tf><D:/SoftWare/CTEX/CTeX/fonts/truetype/chinese/simsun.ttf><D:/SoftWare/CTEX/C
TeX/fonts/truetype/chinese/simsun.ttf><D:/SoftWare/CTEX/CTeX/fonts/truetype/chi
nese/simsun.ttf><D:/SoftWare/CTEX/CTeX/fonts/truetype/chinese/simsun.ttf><D:/So
ftWare/CTEX/CTeX/fonts/truetype/chinese/simsun.ttf><D:/SoftWare/CTEX/CTeX/fonts
/truetype/chinese/simsun.ttf><D:/SoftWare/CTEX/CTeX/fonts/truetype/chinese/sims
un.ttf><D:/SoftWare/CTEX/CTeX/fonts/truetype/chinese/simsun.ttf><D:/SoftWare/CT
EX/CTeX/fonts/truetype/chinese/simsun.ttf><D:/SoftWare/CTEX/CTeX/fonts/truetype
/chinese/simsun.ttf><D:/SoftWare/CTEX/CTeX/fonts/truetype/chinese/simsun.ttf><D
:/SoftWare/CTEX/CTeX/fonts/truetype/chinese/simsun.ttf><D:/SoftWare/CTEX/CTeX/f
onts/truetype/chinese/simsun.ttf><D:/SoftWare/CTEX/CTeX/fonts/truetype/chinese/
simsun.ttf><D:/SoftWare/CTEX/CTeX/fonts/truetype/chinese/simsun.ttf><D:/SoftWar
e/CTEX/CTeX/fonts/truetype/chinese/simsun.ttf><D:/SoftWare/CTEX/CTeX/fonts/true
type/chinese/simsun.ttf><D:/SoftWare/CTEX/CTeX/fonts/truetype/chinese/simsun.tt
f><D:/SoftWare/CTEX/CTeX/fonts/truetype/chinese/simsun.ttf><D:/SoftWare/CTEX/CT
eX/fonts/truetype/chinese/simsun.ttf><D:/SoftWare/CTEX/CTeX/fonts/truetype/chin
ese/simsun.ttf><D:/SoftWare/CTEX/CTeX/fonts/truetype/chinese/simsun.ttf><D:/Sof
tWare/CTEX/CTeX/fonts/truetype/chinese/simsun.ttf><D:/SoftWare/CTEX/CTeX/fonts/
truetype/chinese/simsun.ttf><D:/SoftWare/CTEX/CTeX/fonts/truetype/chinese/simsu
n.ttf><D:/SoftWare/CTEX/CTeX/fonts/truetype/chinese/simsun.ttf><D:/SoftWare/CTE
X/MiKTeX/fonts/type1/public/amsfonts/cm/cmbx10.pfb><D:/SoftWare/CTEX/MiKTeX/fon
ts/type1/public/amsfonts/cm/cmbx12.pfb><D:/SoftWare/CTEX/MiKTeX/fonts/type1/pub
lic/amsfonts/cm/cmbxti10.pfb><D:/SoftWare/CTEX/MiKTeX/fonts/type1/public/amsfon
ts/cm/cmr10.pfb><D:/SoftWare/CTEX/MiKTeX/fonts/type1/public/amsfonts/cm/cmti10.
pfb>
Output written on sec.pdf (2 pages, 330705 bytes).
PDF statistics:
 209 PDF objects out of 1000 (max. 8388607)
 0 named destinations out of 1000 (max. 500000)
 1 words of extra memory for PDF output out of 10000 (max. 10000000)

